<?xml version="1.0" encoding="UTF-8"?>
<testng-results ignored="0" total="1" passed="1" failed="0" skipped="0">
  <reporter-output>
  </reporter-output>
  <suite started-at="2024-06-08T09:33:57 IST" name="Default suite" finished-at="2024-06-08T09:33:58 IST" duration-ms="759">
    <groups>
    </groups>
    <test started-at="2024-06-08T09:33:57 IST" name="Default test" finished-at="2024-06-08T09:33:58 IST" duration-ms="759">
      <class name="ZZ.com.java.ZZ.com.java.Testngprac">
        <test-method is-config="true" signature="test()[pri:0, instance:ZZ.com.java.ZZ.com.java.Testngprac@3f91b517]" started-at="2024-06-08T09:33:57 IST" name="test" finished-at="2024-06-08T09:33:58 IST" duration-ms="170" status="PASS">
          <reporter-output>
          </reporter-output>
        </test-method> <!-- test -->
        <test-method signature="runfirsttest()[pri:0, instance:ZZ.com.java.ZZ.com.java.Testngprac@3f91b517]" started-at="2024-06-08T09:33:58 IST" name="runfirsttest" finished-at="2024-06-08T09:33:58 IST" duration-ms="15" status="PASS">
          <reporter-output>
          </reporter-output>
        </test-method> <!-- runfirsttest -->
        <test-method is-config="true" signature="testclose()[pri:0, instance:ZZ.com.java.ZZ.com.java.Testngprac@3f91b517]" started-at="2024-06-08T09:33:58 IST" name="testclose" finished-at="2024-06-08T09:33:58 IST" duration-ms="493" status="PASS">
          <reporter-output>
          </reporter-output>
        </test-method> <!-- testclose -->
      </class> <!-- ZZ.com.java.ZZ.com.java.Testngprac -->
    </test> <!-- Default test -->
  </suite> <!-- Default suite -->
</testng-results>
