<?xml version="1.0" encoding="UTF-8"?>
<!-- Generated by org.testng.reporters.JUnitXMLReporter -->
<testsuite ignored="0" hostname="lakshit-MacBook.local" failures="2" tests="7" name="Test" time="171.631" errors="0" timestamp="2024-06-08T09:17:22 IST">
  <testcase classname="ZZ.com.java.ZZ.com.java.testngtest" name="runfirsttest" time="0.007"/>
  <testcase classname="ZZ.com.java.ZZ.com.java.testngPractice" name="runfirsttest" time="0.006">
    <failure type="java.lang.AssertionError" message="expected:&amp;lt;5&amp;gt; but was:&amp;lt;6&amp;gt;">
      <![CDATA[java.lang.AssertionError: expected:<5> but was:<6>
at ZZ.com.java.ZZ.com.java.testngPractice.runfirsttest(testngPractice.java:22)
at java.base/java.util.concurrent.Executors$RunnableAdapter.call(Executors.java:539)
at java.base/java.util.concurrent.FutureTask.run(FutureTask.java:264)
at java.base/java.util.concurrent.ThreadPoolExecutor.runWorker(ThreadPoolExecutor.java:1136)
at java.base/java.util.concurrent.ThreadPoolExecutor$Worker.run(ThreadPoolExecutor.java:635)
at java.base/java.lang.Thread.run(Thread.java:842)
... Removed 18 stack frames]]>
    </failure>
  </testcase> <!-- runfirsttest -->
  <testcase classname="ZZ.com.java.ZZ.com.java.Assert" name="compareassert" time="0.009">
    <failure type="java.lang.AssertionError" message="expected:&amp;lt;5&amp;gt; but was:&amp;lt;7&amp;gt;">
      <![CDATA[java.lang.AssertionError: expected:<5> but was:<7>
at ZZ.com.java.ZZ.com.java.Assert.compareassert(Assert.java:26)
at java.base/java.util.concurrent.Executors$RunnableAdapter.call(Executors.java:539)
at java.base/java.util.concurrent.FutureTask.run(FutureTask.java:264)
at java.base/java.util.concurrent.ThreadPoolExecutor.runWorker(ThreadPoolExecutor.java:1136)
at java.base/java.util.concurrent.ThreadPoolExecutor$Worker.run(ThreadPoolExecutor.java:635)
at java.base/java.lang.Thread.run(Thread.java:842)
... Removed 18 stack frames]]>
    </failure>
  </testcase> <!-- compareassert -->
  <testcase classname="ZZ.com.java.ZZ.com.java.Testng" name="takescrenshoot" time="0.013"/>
  <testcase classname="ZZ.com.java.ZZ.com.java.Testng" name="takescrenshoot2" time="0.034"/>
  <testcase classname="ZZ.com.java.ZZ.com.java.testng2" name="runfirstmethod" time="67.426"/>
  <testcase classname="ZZ.com.java.ZZ.com.java.testng2" name="runsecondmethod" time="171.468"/>
</testsuite> <!-- Test -->
